{"E:\\leading\\正式-code\\20241201自动化测试 & 自动化部署\\test-demo\\main.js": {"path":"E:\\leading\\正式-code\\20241201自动化测试 & 自动化部署\\test-demo\\main.js","statementMap":{"0":{"start":{"line":2,"column":4},"end":{"line":4,"column":5}},"1":{"start":{"line":3,"column":8},"end":{"line":3,"column":39}},"2":{"start":{"line":5,"column":4},"end":{"line":5,"column":24}},"3":{"start":{"line":5,"column":15},"end":{"line":5,"column":24}},"4":{"start":{"line":6,"column":4},"end":{"line":6,"column":12}},"5":{"start":{"line":8,"column":0},"end":{"line":10,"column":2}}},"fnMap":{"0":{"name":"abs","decl":{"start":{"line":1,"column":9},"end":{"line":1,"column":12}},"loc":{"start":{"line":1,"column":16},"end":{"line":7,"column":1}},"line":1}},"branchMap":{"0":{"loc":{"start":{"line":2,"column":4},"end":{"line":4,"column":5}},"type":"if","locations":[{"start":{"line":2,"column":4},"end":{"line":4,"column":5}},{"start":{},"end":{}}],"line":2},"1":{"loc":{"start":{"line":5,"column":4},"end":{"line":5,"column":24}},"type":"if","locations":[{"start":{"line":5,"column":4},"end":{"line":5,"column":24}},{"start":{},"end":{}}],"line":5}},"s":{"0":3,"1":0,"2":3,"3":1,"4":2,"5":1},"f":{"0":3},"b":{"0":[0,3],"1":[1,2]},"_coverageSchema":"1a1c01bbd47fc00a2c39e90264f33305004495a9","hash":"9916df5fba1e9d75b043d62a856a44554d0870c3"}
}
